This is pdfTeX, Version 3.141592653-2.6-1.40.29 (TeX Live 2026) (preloaded format=pdflatex 2026.3.7)  12 APR 2026 00:14
entering extended mode
 restricted \write18 enabled.
 %&-line parsing enabled.
**acl_latex.tex
(./acl_latex.tex
LaTeX2e <2025-11-01>
L3 programming layer <2026-01-19>
(/home/tanzelin-p/.TinyTeX/texmf-dist/tex/latex/base/article.cls
Document Class: article 2025/01/22 v1.4n Standard LaTeX document class
(/home/tanzelin-p/.TinyTeX/texmf-dist/tex/latex/base/size11.clo
File: size11.clo 2025/01/22 v1.4n Standard LaTeX file (size option)
)
\c@part=\count275
\c@section=\count276
\c@subsection=\count277
\c@subsubsection=\count278
\c@paragraph=\count279
\c@subparagraph=\count280
\c@figure=\count281
\c@table=\count282
\abovecaptionskip=\skip49
\belowcaptionskip=\skip50
\bibindent=\dimen148
) (./acl.sty
Conference Style for ACL
(/home/tanzelin-p/.TinyTeX/texmf-dist/tex/latex/xcolor/xcolor.sty
Package: xcolor 2024/09/29 v3.02 LaTeX color extensions (UK)
 (/home/tanzelin-p/.TinyTeX/texmf-dist/tex/latex/graphics-cfg/color.cfg
File: color.cfg 2016/01/02 v1.6 sample color configuration
)
Package xcolor Info: Driver file: pdftex.def on input line 274.
 (/home/tanzelin-p/.TinyTeX/texmf-dist/tex/latex/graphics-def/pdftex.def
File: pdftex.def 2025/09/29 v1.2d Graphics/color driver for pdftex
) (/home/tanzelin-p/.TinyTeX/texmf-dist/tex/latex/graphics/mathcolor.ltx)
Package xcolor Info: Model `cmy' substituted by `cmy0' on input line 1349.
Package xcolor Info: Model `hsb' substituted by `rgb' on input line 1353.
Package xcolor Info: Model `RGB' extended on input line 1365.
Package xcolor Info: Model `HTML' substituted by `rgb' on input line 1367.
Package xcolor Info: Model `Hsb' substituted by `hsb' on input line 1368.
Package xcolor Info: Model `tHsb' substituted by `hsb' on input line 1369.
Package xcolor Info: Model `HSB' substituted by `hsb' on input line 1370.
Package xcolor Info: Model `Gray' substituted by `gray' on input line 1371.
Package xcolor Info: Model `wave' substituted by `hsb' on input line 1372.
) (/home/tanzelin-p/.TinyTeX/texmf-dist/tex/latex/geometry/geometry.sty
Package: geometry 2020/01/02 v5.9 Page Geometry
 (/home/tanzelin-p/.TinyTeX/texmf-dist/tex/latex/graphics/keyval.sty
Package: keyval 2022/05/29 v1.15 key=value parser (DPC)
\KV@toks@=\toks17
) (/home/tanzelin-p/.TinyTeX/texmf-dist/tex/generic/iftex/ifvtex.sty
Package: ifvtex 2019/10/25 v1.7 ifvtex legacy package. Use iftex instead.
 (/home/tanzelin-p/.TinyTeX/texmf-dist/tex/generic/iftex/iftex.sty
Package: iftex 2024/12/12 v1.0g TeX engine tests
))
\Gm@cnth=\count283
\Gm@cntv=\count284
\c@Gm@tempcnt=\count285
\Gm@bindingoffset=\dimen149
\Gm@wd@mp=\dimen150
\Gm@odd@mp=\dimen151
\Gm@even@mp=\dimen152
\Gm@layoutwidth=\dimen153
\Gm@layoutheight=\dimen154
\Gm@layouthoffset=\dimen155
\Gm@layoutvoffset=\dimen156
\Gm@dimlist=\toks18
)
\titlebox=\skip51
 (/home/tanzelin-p/.TinyTeX/texmf-dist/tex/latex/caption/caption.sty
Package: caption 2023/08/05 v3.6o Customizing captions (AR)
 (/home/tanzelin-p/.TinyTeX/texmf-dist/tex/latex/caption/caption3.sty
Package: caption3 2023/07/31 v2.4d caption3 kernel (AR)
\caption@tempdima=\dimen157
\captionmargin=\dimen158
\caption@leftmargin=\dimen159
\caption@rightmargin=\dimen160
\caption@width=\dimen161
\caption@indent=\dimen162
\caption@parindent=\dimen163
\caption@hangindent=\dimen164
Package caption Info: Standard document class detected.
)
\c@caption@flags=\count286
\c@continuedfloat=\count287
) (/home/tanzelin-p/.TinyTeX/texmf-dist/tex/latex/natbib/natbib.sty
Package: natbib 2010/09/13 8.31b (PWD, AO)
\bibhang=\skip52
\bibsep=\skip53
LaTeX Info: Redefining \cite on input line 694.
\c@NAT@ctr=\count288
) (/home/tanzelin-p/.TinyTeX/texmf-dist/tex/latex/hyperref/hyperref.sty
Package: hyperref 2026-01-29 v7.01p Hypertext links for LaTeX
 (/home/tanzelin-p/.TinyTeX/texmf-dist/tex/latex/kvsetkeys/kvsetkeys.sty
Package: kvsetkeys 2022-10-05 v1.19 Key value parser (HO)
) (/home/tanzelin-p/.TinyTeX/texmf-dist/tex/generic/kvdefinekeys/kvdefinekeys.sty
Package: kvdefinekeys 2019-12-19 v1.6 Define keys (HO)
) (/home/tanzelin-p/.TinyTeX/texmf-dist/tex/generic/pdfescape/pdfescape.sty
Package: pdfescape 2019/12/09 v1.15 Implements pdfTeX's escape features (HO)
 (/home/tanzelin-p/.TinyTeX/texmf-dist/tex/generic/ltxcmds/ltxcmds.sty
Package: ltxcmds 2023-12-04 v1.26 LaTeX kernel commands for general use (HO)
) (/home/tanzelin-p/.TinyTeX/texmf-dist/tex/generic/pdftexcmds/pdftexcmds.sty
Package: pdftexcmds 2020-06-27 v0.33 Utility functions of pdfTeX for LuaTeX (HO)
 (/home/tanzelin-p/.TinyTeX/texmf-dist/tex/generic/infwarerr/infwarerr.sty
Package: infwarerr 2019/12/03 v1.5 Providing info/warning/error messages (HO)
)
Package pdftexcmds Info: \pdf@primitive is available.
Package pdftexcmds Info: \pdf@ifprimitive is available.
Package pdftexcmds Info: \pdfdraftmode found.
)) (/home/tanzelin-p/.TinyTeX/texmf-dist/tex/latex/hycolor/hycolor.sty
Package: hycolor 2020-01-27 v1.10 Color options for hyperref/bookmark (HO)
) (/home/tanzelin-p/.TinyTeX/texmf-dist/tex/latex/hyperref/nameref.sty
Package: nameref 2026-01-29 v2.58 Cross-referencing by name of section
 (/home/tanzelin-p/.TinyTeX/texmf-dist/tex/latex/refcount/refcount.sty
Package: refcount 2019/12/15 v3.6 Data extraction from label references (HO)
) (/home/tanzelin-p/.TinyTeX/texmf-dist/tex/generic/gettitlestring/gettitlestring.sty
Package: gettitlestring 2019/12/15 v1.6 Cleanup title references (HO)
 (/home/tanzelin-p/.TinyTeX/texmf-dist/tex/latex/kvoptions/kvoptions.sty
Package: kvoptions 2022-06-15 v3.15 Key value format for package options (HO)
))
\c@section@level=\count289
) (/home/tanzelin-p/.TinyTeX/texmf-dist/tex/latex/etoolbox/etoolbox.sty
Package: etoolbox 2025/10/02 v2.5m e-TeX tools for LaTeX (JAW)
\etb@tempcnta=\count290
) (/home/tanzelin-p/.TinyTeX/texmf-dist/tex/generic/stringenc/stringenc.sty
Package: stringenc 2019/11/29 v1.12 Convert strings between diff. encodings (HO)
)
\@linkdim=\dimen165
\Hy@linkcounter=\count291
\Hy@pagecounter=\count292
 (/home/tanzelin-p/.TinyTeX/texmf-dist/tex/latex/hyperref/pd1enc.def
File: pd1enc.def 2026-01-29 v7.01p Hyperref: PDFDocEncoding definition (HO)
Now handling font encoding PD1 ...
... no UTF-8 mapping file for font encoding PD1
) (/home/tanzelin-p/.TinyTeX/texmf-dist/tex/generic/intcalc/intcalc.sty
Package: intcalc 2019/12/15 v1.3 Expandable calculations with integers (HO)
)
\Hy@SavedSpaceFactor=\count293
 (/home/tanzelin-p/.TinyTeX/texmf-dist/tex/latex/hyperref/puenc.def
File: puenc.def 2026-01-29 v7.01p Hyperref: PDF Unicode definition (HO)
Now handling font encoding PU ...
... no UTF-8 mapping file for font encoding PU
)
Package hyperref Info: Option `breaklinks' set `true' on input line 4072.
Package hyperref Info: Hyper figures OFF on input line 4201.
Package hyperref Info: Link nesting OFF on input line 4206.
Package hyperref Info: Hyper index ON on input line 4209.
Package hyperref Info: Plain pages OFF on input line 4216.
Package hyperref Info: Backreferencing OFF on input line 4221.
Package hyperref Info: Implicit mode ON; LaTeX internals redefined.
Package hyperref Info: Bookmarks ON on input line 4468.
\c@Hy@tempcnt=\count294
 (/home/tanzelin-p/.TinyTeX/texmf-dist/tex/latex/url/url.sty
\Urlmuskip=\muskip17
Package: url 2013/09/16  ver 3.4  Verb mode for urls, etc.
)
LaTeX Info: Redefining \url on input line 4807.
\XeTeXLinkMargin=\dimen166
 (/home/tanzelin-p/.TinyTeX/texmf-dist/tex/generic/bitset/bitset.sty
Package: bitset 2019/12/09 v1.3 Handle bit-vector datatype (HO)
 (/home/tanzelin-p/.TinyTeX/texmf-dist/tex/generic/bigintcalc/bigintcalc.sty
Package: bigintcalc 2019/12/15 v1.5 Expandable calculations on big integers (HO)
))
\Fld@menulength=\count295
\Field@Width=\dimen167
\Fld@charsize=\dimen168
Package hyperref Info: Hyper figures OFF on input line 6084.
Package hyperref Info: Link nesting OFF on input line 6089.
Package hyperref Info: Hyper index ON on input line 6092.
Package hyperref Info: backreferencing OFF on input line 6099.
Package hyperref Info: Link coloring OFF on input line 6104.
Package hyperref Info: Link coloring with OCG OFF on input line 6109.
Package hyperref Info: PDF/A mode OFF on input line 6114.
\Hy@abspage=\count296
\c@Item=\count297
\c@Hfootnote=\count298
)
Package hyperref Info: Driver (autodetected): hpdftex.
 (/home/tanzelin-p/.TinyTeX/texmf-dist/tex/latex/hyperref/hpdftex.def
File: hpdftex.def 2026-01-29 v7.01p Hyperref driver for pdfTeX
\Fld@listcount=\count299
\c@bookmark@seq@number=\count300
 (/home/tanzelin-p/.TinyTeX/texmf-dist/tex/latex/rerunfilecheck/rerunfilecheck.sty
Package: rerunfilecheck 2025-06-21 v1.11 Rerun checks for auxiliary files (HO)
 (/home/tanzelin-p/.TinyTeX/texmf-dist/tex/generic/uniquecounter/uniquecounter.sty
Package: uniquecounter 2019/12/15 v1.4 Provide unlimited unique counter (HO)
)
Package uniquecounter Info: New unique counter `rerunfilecheck' on input line 284.
)
\Hy@SectionHShift=\skip54
)
Package hyperref Info: Option `colorlinks' set `true' on input line 305.
) (/home/tanzelin-p/.TinyTeX/texmf-dist/tex/latex/psnfss/times.sty
Package: times 2020/03/25 PSNFSS-v9.3 (SPQR) 
) (/home/tanzelin-p/.TinyTeX/texmf-dist/tex/latex/base/latexsym.sty
Package: latexsym 1998/08/17 v2.2e Standard LaTeX package (lasy symbols)
\symlasy=\mathgroup4
LaTeX Font Info:    Overwriting symbol font `lasy' in version `bold'
(Font)                  U/lasy/m/n --> U/lasy/b/n on input line 52.
) (/home/tanzelin-p/.TinyTeX/texmf-dist/tex/latex/base/fontenc.sty
Package: fontenc 2025/07/18 v2.1d Standard LaTeX package
LaTeX Font Info:    Trying to load font information for T1+ptm on input line 116.
 (/home/tanzelin-p/.TinyTeX/texmf-dist/tex/latex/psnfss/t1ptm.fd
File: t1ptm.fd 2001/06/04 font definitions for T1/ptm.
)) (/home/tanzelin-p/.TinyTeX/texmf-dist/tex/latex/base/inputenc.sty
Package: inputenc 2024/02/08 v1.3d Input encoding file
\inpenc@prehook=\toks19
\inpenc@posthook=\toks20
) (/home/tanzelin-p/.TinyTeX/texmf-dist/tex/latex/microtype/microtype.sty
Package: microtype 2026/03/01 v3.2d Micro-typographical refinements (RS)
\MT@toks=\toks21
\MT@tempbox=\box53
\MT@count=\count301
LaTeX Info: Redefining \noprotrusionifhmode on input line 1084.
LaTeX Info: Redefining \leftprotrusion on input line 1085.
\MT@prot@toks=\toks22
LaTeX Info: Redefining \rightprotrusion on input line 1104.
LaTeX Info: Redefining \textls on input line 1449.
\MT@outer@kern=\dimen169
LaTeX Info: Redefining \microtypecontext on input line 2053.
LaTeX Info: Redefining \textmicrotypecontext on input line 2070.
\MT@listname@count=\count302
 (/home/tanzelin-p/.TinyTeX/texmf-dist/tex/latex/microtype/microtype-pdftex.def
File: microtype-pdftex.def 2026/03/01 v3.2d Definitions specific to pdftex (RS)
LaTeX Info: Redefining \lsstyle on input line 944.
LaTeX Info: Redefining \lslig on input line 944.
\MT@outer@space=\skip55
)
Package microtype Info: Loading configuration file microtype.cfg.
 (/home/tanzelin-p/.TinyTeX/texmf-dist/tex/latex/microtype/microtype.cfg
File: microtype.cfg 2026/03/01 v3.2d microtype main configuration file (RS)
)
LaTeX Info: Redefining \microtypesetup on input line 3065.
) (/home/tanzelin-p/.TinyTeX/texmf-dist/tex/latex/inconsolata/inconsolata.sty
Package: inconsolata 2019/05/17 v1.12
 `inconsolata-zi4' v1.12, 2019/05/17 Text macros for Inconsolata (msharpe) (/home/tanzelin-p/.TinyTeX/texmf-dist/tex/latex/base/textcomp.sty
Package: textcomp 2024/04/24 v2.1b Standard LaTeX package
) (/home/tanzelin-p/.TinyTeX/texmf-dist/tex/latex/xkeyval/xkeyval.sty
Package: xkeyval 2025/11/04 v2.10 package option processing (HA)
 (/home/tanzelin-p/.TinyTeX/texmf-dist/tex/generic/xkeyval/xkeyval.tex (/home/tanzelin-p/.TinyTeX/texmf-dist/tex/generic/xkeyval/xkvutils.tex
\XKV@toks=\toks23
\XKV@tempa@toks=\toks24
\XKV@tempb@toks=\toks25
)
\XKV@depth=\count303
File: xkeyval.tex 2014/12/03 v2.7a key=value parser (HA)
))
\zifour@ocount=\count304
) (/home/tanzelin-p/.TinyTeX/texmf-dist/tex/latex/graphics/graphicx.sty
Package: graphicx 2024/12/31 v1.2e Enhanced LaTeX Graphics (DPC,SPQR)
 (/home/tanzelin-p/.TinyTeX/texmf-dist/tex/latex/graphics/graphics.sty
Package: graphics 2024/08/06 v1.4g Standard LaTeX Graphics (DPC,SPQR)
 (/home/tanzelin-p/.TinyTeX/texmf-dist/tex/latex/graphics/trig.sty
Package: trig 2023/12/02 v1.11 sin cos tan (DPC)
) (/home/tanzelin-p/.TinyTeX/texmf-dist/tex/latex/graphics-cfg/graphics.cfg
File: graphics.cfg 2016/06/04 v1.11 sample graphics configuration
)
Package graphics Info: Driver file: pdftex.def on input line 106.
)
\Gin@req@height=\dimen170
\Gin@req@width=\dimen171
) (/home/tanzelin-p/.TinyTeX/texmf-dist/tex/latex/booktabs/booktabs.sty
Package: booktabs 2020/01/12 v1.61803398 Publication quality tables
\heavyrulewidth=\dimen172
\lightrulewidth=\dimen173
\cmidrulewidth=\dimen174
\belowrulesep=\dimen175
\belowbottomsep=\dimen176
\aboverulesep=\dimen177
\abovetopsep=\dimen178
\cmidrulesep=\dimen179
\cmidrulekern=\dimen180
\defaultaddspace=\dimen181
\@cmidla=\count305
\@cmidlb=\count306
\@aboverulesep=\dimen182
\@belowrulesep=\dimen183
\@thisruleclass=\count307
\@lastruleclass=\count308
\@thisrulewidth=\dimen184
) (/home/tanzelin-p/.TinyTeX/texmf-dist/tex/latex/float/float.sty
Package: float 2001/11/08 v1.3d Float enhancements (AL)
\c@float@type=\count309
\float@exts=\toks26
\float@box=\box54
\@float@everytoks=\toks27
\@floatcapt=\box55
) (/home/tanzelin-p/.TinyTeX/texmf-dist/tex/latex/caption/subcaption.sty
Package: subcaption 2023/07/28 v1.6b Sub-captions (AR)
Package caption Info: New subtype `subfigure' on input line 238.
\c@subfigure=\count310
Package caption Info: New subtype `subtable' on input line 238.
\c@subtable=\count311
) (/home/tanzelin-p/.TinyTeX/texmf-dist/tex/latex/tcolorbox/tcolorbox.sty
Package: tcolorbox 2025/11/28 version 6.9.0 text color boxes
 (/home/tanzelin-p/.TinyTeX/texmf-dist/tex/latex/pgf/frontendlayer/tikz.sty (/home/tanzelin-p/.TinyTeX/texmf-dist/tex/latex/pgf/basiclayer/pgf.sty (/home/tanzelin-p/.TinyTeX/texmf-dist/tex/latex/pgf/utilities/pgfrcs.sty (/home/tanzelin-p/.TinyTeX/texmf-dist/tex/generic/pgf/utilities/pgfutil-common.tex
\pgfutil@everybye=\toks28
\pgfutil@tempdima=\dimen185
\pgfutil@tempdimb=\dimen186
) (/home/tanzelin-p/.TinyTeX/texmf-dist/tex/generic/pgf/utilities/pgfutil-latex.def
\pgfutil@abb=\box56
) (/home/tanzelin-p/.TinyTeX/texmf-dist/tex/generic/pgf/utilities/pgfrcs.code.tex (/home/tanzelin-p/.TinyTeX/texmf-dist/tex/generic/pgf/pgf.revision.tex)
Package: pgfrcs 2025-08-29 v3.1.11a (3.1.11a)
))
Package: pgf 2025-08-29 v3.1.11a (3.1.11a)
 (/home/tanzelin-p/.TinyTeX/texmf-dist/tex/latex/pgf/basiclayer/pgfcore.sty (/home/tanzelin-p/.TinyTeX/texmf-dist/tex/latex/pgf/systemlayer/pgfsys.sty (/home/tanzelin-p/.TinyTeX/texmf-dist/tex/generic/pgf/systemlayer/pgfsys.code.tex
Package: pgfsys 2025-08-29 v3.1.11a (3.1.11a)
 (/home/tanzelin-p/.TinyTeX/texmf-dist/tex/generic/pgf/utilities/pgfkeys.code.tex
\pgfkeys@pathtoks=\toks29
\pgfkeys@temptoks=\toks30
 (/home/tanzelin-p/.TinyTeX/texmf-dist/tex/generic/pgf/utilities/pgfkeyslibraryfiltered.code.tex
\pgfkeys@tmptoks=\toks31
))
\pgf@x=\dimen187
\pgf@y=\dimen188
\pgf@xa=\dimen189
\pgf@ya=\dimen190
\pgf@xb=\dimen191
\pgf@yb=\dimen192
\pgf@xc=\dimen193
\pgf@yc=\dimen194
\pgf@xd=\dimen195
\pgf@yd=\dimen196
\w@pgf@writea=\write3
\r@pgf@reada=\read2
\c@pgf@counta=\count312
\c@pgf@countb=\count313
\c@pgf@countc=\count314
\c@pgf@countd=\count315
\t@pgf@toka=\toks32
\t@pgf@tokb=\toks33
\t@pgf@tokc=\toks34
\pgf@sys@id@count=\count316
 (/home/tanzelin-p/.TinyTeX/texmf-dist/tex/generic/pgf/systemlayer/pgf.cfg
File: pgf.cfg 2025-08-29 v3.1.11a (3.1.11a)
)
Driver file for pgf: pgfsys-pdftex.def
 (/home/tanzelin-p/.TinyTeX/texmf-dist/tex/generic/pgf/systemlayer/pgfsys-pdftex.def
File: pgfsys-pdftex.def 2025-08-29 v3.1.11a (3.1.11a)
 (/home/tanzelin-p/.TinyTeX/texmf-dist/tex/generic/pgf/systemlayer/pgfsys-common-pdf.def
File: pgfsys-common-pdf.def 2025-08-29 v3.1.11a (3.1.11a)
))) (/home/tanzelin-p/.TinyTeX/texmf-dist/tex/generic/pgf/systemlayer/pgfsyssoftpath.code.tex
File: pgfsyssoftpath.code.tex 2025-08-29 v3.1.11a (3.1.11a)
\pgfsyssoftpath@smallbuffer@items=\count317
\pgfsyssoftpath@bigbuffer@items=\count318
) (/home/tanzelin-p/.TinyTeX/texmf-dist/tex/generic/pgf/systemlayer/pgfsysprotocol.code.tex
File: pgfsysprotocol.code.tex 2025-08-29 v3.1.11a (3.1.11a)
)) (/home/tanzelin-p/.TinyTeX/texmf-dist/tex/generic/pgf/basiclayer/pgfcore.code.tex
Package: pgfcore 2025-08-29 v3.1.11a (3.1.11a)
 (/home/tanzelin-p/.TinyTeX/texmf-dist/tex/generic/pgf/math/pgfmath.code.tex (/home/tanzelin-p/.TinyTeX/texmf-dist/tex/generic/pgf/math/pgfmathutil.code.tex) (/home/tanzelin-p/.TinyTeX/texmf-dist/tex/generic/pgf/math/pgfmathparser.code.tex
\pgfmath@dimen=\dimen197
\pgfmath@count=\count319
\pgfmath@box=\box57
\pgfmath@toks=\toks35
\pgfmath@stack@operand=\toks36
\pgfmath@stack@operation=\toks37
) (/home/tanzelin-p/.TinyTeX/texmf-dist/tex/generic/pgf/math/pgfmathfunctions.code.tex) (/home/tanzelin-p/.TinyTeX/texmf-dist/tex/generic/pgf/math/pgfmathfunctions.basic.code.tex) (/home/tanzelin-p/.TinyTeX/texmf-dist/tex/generic/pgf/math/pgfmathfunctions.trigonometric.code.tex) (/home/tanzelin-p/.TinyTeX/texmf-dist/tex/generic/pgf/math/pgfmathfunctions.random.code.tex) (/home/tanzelin-p/.TinyTeX/texmf-dist/tex/generic/pgf/math/pgfmathfunctions.comparison.code.tex) (/home/tanzelin-p/.TinyTeX/texmf-dist/tex/generic/pgf/math/pgfmathfunctions.base.code.tex) (/home/tanzelin-p/.TinyTeX/texmf-dist/tex/generic/pgf/math/pgfmathfunctions.round.code.tex) (/home/tanzelin-p/.TinyTeX/texmf-dist/tex/generic/pgf/math/pgfmathfunctions.misc.code.tex) (/home/tanzelin-p/.TinyTeX/texmf-dist/tex/generic/pgf/math/pgfmathfunctions.integerarithmetics.code.tex) (/home/tanzelin-p/.TinyTeX/texmf-dist/tex/generic/pgf/math/pgfmathcalc.code.tex) (/home/tanzelin-p/.TinyTeX/texmf-dist/tex/generic/pgf/math/pgfmathfloat.code.tex
\c@pgfmathroundto@lastzeros=\count320
)) (/home/tanzelin-p/.TinyTeX/texmf-dist/tex/generic/pgf/math/pgfint.code.tex) (/home/tanzelin-p/.TinyTeX/texmf-dist/tex/generic/pgf/basiclayer/pgfcorepoints.code.tex
File: pgfcorepoints.code.tex 2025-08-29 v3.1.11a (3.1.11a)
\pgf@picminx=\dimen198
\pgf@picmaxx=\dimen199
\pgf@picminy=\dimen256
\pgf@picmaxy=\dimen257
\pgf@pathminx=\dimen258
\pgf@pathmaxx=\dimen259
\pgf@pathminy=\dimen260
\pgf@pathmaxy=\dimen261
\pgf@xx=\dimen262
\pgf@xy=\dimen263
\pgf@yx=\dimen264
\pgf@yy=\dimen265
\pgf@zx=\dimen266
\pgf@zy=\dimen267
) (/home/tanzelin-p/.TinyTeX/texmf-dist/tex/generic/pgf/basiclayer/pgfcorepathconstruct.code.tex
File: pgfcorepathconstruct.code.tex 2025-08-29 v3.1.11a (3.1.11a)
\pgf@path@lastx=\dimen268
\pgf@path@lasty=\dimen269
) (/home/tanzelin-p/.TinyTeX/texmf-dist/tex/generic/pgf/basiclayer/pgfcorepathusage.code.tex
File: pgfcorepathusage.code.tex 2025-08-29 v3.1.11a (3.1.11a)
\pgf@shorten@end@additional=\dimen270
\pgf@shorten@start@additional=\dimen271
) (/home/tanzelin-p/.TinyTeX/texmf-dist/tex/generic/pgf/basiclayer/pgfcorescopes.code.tex
File: pgfcorescopes.code.tex 2025-08-29 v3.1.11a (3.1.11a)
\pgfpic=\box58
\pgf@hbox=\box59
\pgf@layerbox@main=\box60
\pgf@picture@serial@count=\count321
) (/home/tanzelin-p/.TinyTeX/texmf-dist/tex/generic/pgf/basiclayer/pgfcoregraphicstate.code.tex
File: pgfcoregraphicstate.code.tex 2025-08-29 v3.1.11a (3.1.11a)
\pgflinewidth=\dimen272
) (/home/tanzelin-p/.TinyTeX/texmf-dist/tex/generic/pgf/basiclayer/pgfcoretransformations.code.tex
File: pgfcoretransformations.code.tex 2025-08-29 v3.1.11a (3.1.11a)
\pgf@pt@x=\dimen273
\pgf@pt@y=\dimen274
\pgf@pt@temp=\dimen275
) (/home/tanzelin-p/.TinyTeX/texmf-dist/tex/generic/pgf/basiclayer/pgfcorequick.code.tex
File: pgfcorequick.code.tex 2025-08-29 v3.1.11a (3.1.11a)
) (/home/tanzelin-p/.TinyTeX/texmf-dist/tex/generic/pgf/basiclayer/pgfcoreobjects.code.tex
File: pgfcoreobjects.code.tex 2025-08-29 v3.1.11a (3.1.11a)
) (/home/tanzelin-p/.TinyTeX/texmf-dist/tex/generic/pgf/basiclayer/pgfcorepathprocessing.code.tex
File: pgfcorepathprocessing.code.tex 2025-08-29 v3.1.11a (3.1.11a)
) (/home/tanzelin-p/.TinyTeX/texmf-dist/tex/generic/pgf/basiclayer/pgfcorearrows.code.tex
File: pgfcorearrows.code.tex 2025-08-29 v3.1.11a (3.1.11a)
\pgfarrowsep=\dimen276
) (/home/tanzelin-p/.TinyTeX/texmf-dist/tex/generic/pgf/basiclayer/pgfcoreshade.code.tex
File: pgfcoreshade.code.tex 2025-08-29 v3.1.11a (3.1.11a)
\pgf@max=\dimen277
\pgf@sys@shading@range@num=\count322
\pgf@shadingcount=\count323
) (/home/tanzelin-p/.TinyTeX/texmf-dist/tex/generic/pgf/basiclayer/pgfcoreimage.code.tex
File: pgfcoreimage.code.tex 2025-08-29 v3.1.11a (3.1.11a)
) (/home/tanzelin-p/.TinyTeX/texmf-dist/tex/generic/pgf/basiclayer/pgfcoreexternal.code.tex
File: pgfcoreexternal.code.tex 2025-08-29 v3.1.11a (3.1.11a)
\pgfexternal@startupbox=\box61
) (/home/tanzelin-p/.TinyTeX/texmf-dist/tex/generic/pgf/basiclayer/pgfcorelayers.code.tex
File: pgfcorelayers.code.tex 2025-08-29 v3.1.11a (3.1.11a)
) (/home/tanzelin-p/.TinyTeX/texmf-dist/tex/generic/pgf/basiclayer/pgfcoretransparency.code.tex
File: pgfcoretransparency.code.tex 2025-08-29 v3.1.11a (3.1.11a)
) (/home/tanzelin-p/.TinyTeX/texmf-dist/tex/generic/pgf/basiclayer/pgfcorepatterns.code.tex
File: pgfcorepatterns.code.tex 2025-08-29 v3.1.11a (3.1.11a)
) (/home/tanzelin-p/.TinyTeX/texmf-dist/tex/generic/pgf/basiclayer/pgfcorerdf.code.tex
File: pgfcorerdf.code.tex 2025-08-29 v3.1.11a (3.1.11a)
))) (/home/tanzelin-p/.TinyTeX/texmf-dist/tex/generic/pgf/modules/pgfmoduleshapes.code.tex
File: pgfmoduleshapes.code.tex 2025-08-29 v3.1.11a (3.1.11a)
\pgfnodeparttextbox=\box62
) (/home/tanzelin-p/.TinyTeX/texmf-dist/tex/generic/pgf/modules/pgfmoduleplot.code.tex
File: pgfmoduleplot.code.tex 2025-08-29 v3.1.11a (3.1.11a)
) (/home/tanzelin-p/.TinyTeX/texmf-dist/tex/latex/pgf/compatibility/pgfcomp-version-0-65.sty
Package: pgfcomp-version-0-65 2025-08-29 v3.1.11a (3.1.11a)
\pgf@nodesepstart=\dimen278
\pgf@nodesepend=\dimen279
) (/home/tanzelin-p/.TinyTeX/texmf-dist/tex/latex/pgf/compatibility/pgfcomp-version-1-18.sty
Package: pgfcomp-version-1-18 2025-08-29 v3.1.11a (3.1.11a)
)) (/home/tanzelin-p/.TinyTeX/texmf-dist/tex/latex/pgf/utilities/pgffor.sty (/home/tanzelin-p/.TinyTeX/texmf-dist/tex/latex/pgf/utilities/pgfkeys.sty (/home/tanzelin-p/.TinyTeX/texmf-dist/tex/generic/pgf/utilities/pgfkeys.code.tex)) (/home/tanzelin-p/.TinyTeX/texmf-dist/tex/latex/pgf/math/pgfmath.sty (/home/tanzelin-p/.TinyTeX/texmf-dist/tex/generic/pgf/math/pgfmath.code.tex)) (/home/tanzelin-p/.TinyTeX/texmf-dist/tex/generic/pgf/utilities/pgffor.code.tex
Package: pgffor 2025-08-29 v3.1.11a (3.1.11a)
\pgffor@iter=\dimen280
\pgffor@skip=\dimen281
\pgffor@stack=\toks38
\pgffor@toks=\toks39
)) (/home/tanzelin-p/.TinyTeX/texmf-dist/tex/generic/pgf/frontendlayer/tikz/tikz.code.tex
Package: tikz 2025-08-29 v3.1.11a (3.1.11a)
 (/home/tanzelin-p/.TinyTeX/texmf-dist/tex/generic/pgf/libraries/pgflibraryplothandlers.code.tex
File: pgflibraryplothandlers.code.tex 2025-08-29 v3.1.11a (3.1.11a)
\pgf@plot@mark@count=\count324
\pgfplotmarksize=\dimen282
)
\tikz@lastx=\dimen283
\tikz@lasty=\dimen284
\tikz@lastxsaved=\dimen285
\tikz@lastysaved=\dimen286
\tikz@lastmovetox=\dimen287
\tikz@lastmovetoy=\dimen288
\tikzleveldistance=\dimen289
\tikzsiblingdistance=\dimen290
\tikz@figbox=\box63
\tikz@figbox@bg=\box64
\tikz@tempbox=\box65
\tikz@tempbox@bg=\box66
\tikztreelevel=\count325
\tikznumberofchildren=\count326
\tikznumberofcurrentchild=\count327
\tikz@fig@count=\count328
 (/home/tanzelin-p/.TinyTeX/texmf-dist/tex/generic/pgf/modules/pgfmodulematrix.code.tex
File: pgfmodulematrix.code.tex 2025-08-29 v3.1.11a (3.1.11a)
\pgfmatrixcurrentrow=\count329
\pgfmatrixcurrentcolumn=\count330
\pgf@matrix@numberofcolumns=\count331
)
\tikz@expandcount=\count332
 (/home/tanzelin-p/.TinyTeX/texmf-dist/tex/generic/pgf/frontendlayer/tikz/libraries/tikzlibrarytopaths.code.tex
File: tikzlibrarytopaths.code.tex 2025-08-29 v3.1.11a (3.1.11a)
))) (/home/tanzelin-p/.TinyTeX/texmf-dist/tex/latex/tools/verbatim.sty
Package: verbatim 2024-01-22 v1.5x LaTeX2e package for verbatim enhancements
\every@verbatim=\toks40
\verbatim@line=\toks41
\verbatim@in@stream=\read3
) (/home/tanzelin-p/.TinyTeX/texmf-dist/tex/latex/environ/environ.sty
Package: environ 2014/05/04 v0.3 A new way to define environments
 (/home/tanzelin-p/.TinyTeX/texmf-dist/tex/latex/trimspaces/trimspaces.sty
Package: trimspaces 2009/09/17 v1.1 Trim spaces around a token list
)
\@envbody=\toks42
)
\tcb@titlebox=\box67
\tcb@upperbox=\box68
\tcb@lowerbox=\box69
\tcb@phantombox=\box70
\c@tcbbreakpart=\count333
\c@tcblayer=\count334
\c@tcolorbox@number=\count335
\l__tcobox_tmpa_box=\box71
\l__tcobox_tmpa_dim=\dimen291
\tcb@temp=\box72
\tcb@temp=\box73
\tcb@temp=\box74
\tcb@temp=\box75
 (/home/tanzelin-p/.TinyTeX/texmf-dist/tex/latex/tcolorbox/tcbraster.code.tex
Library (tcolorbox): 'tcbraster.code.tex' version '6.9.0'
\c@tcbrastercolumn=\count336
\c@tcbrasterrow=\count337
\c@tcbrasternum=\count338
\c@tcbraster=\count339
) (/home/tanzelin-p/.TinyTeX/texmf-dist/tex/latex/tcolorbox/tcbskins.code.tex
Library (tcolorbox): 'tcbskins.code.tex' version '6.9.0'
(/home/tanzelin-p/.TinyTeX/texmf-dist/tex/latex/tikzfill/tikzfill.image.sty
Package: tikzfill.image 2023/08/08 v1.0.1 Image filling library for TikZ
 (/home/tanzelin-p/.TinyTeX/texmf-dist/tex/latex/tikzfill/tikzfill-common.sty
Package: tikzfill-common 2023/08/08 v1.0.1 Auxiliary code for tikzfill
) (/home/tanzelin-p/.TinyTeX/texmf-dist/tex/latex/tikzfill/tikzlibraryfill.image.code.tex
File: tikzlibraryfill.image.code.tex 2023/08/08 v1.0.1 Image filling library
\l__tikzfill_img_box=\box76
)) (/home/tanzelin-p/.TinyTeX/texmf-dist/tex/latex/tcolorbox/tcbskinsjigsaw.code.tex
Library (tcolorbox): 'tcbskinsjigsaw.code.tex' version '6.9.0'
)) (/home/tanzelin-p/.TinyTeX/texmf-dist/tex/latex/tcolorbox/tcbbreakable.code.tex
Library (tcolorbox): 'tcbbreakable.code.tex' version '6.9.0'
(/home/tanzelin-p/.TinyTeX/texmf-dist/tex/latex/pdfcol/pdfcol.sty
Package: pdfcol 2022-09-21 v1.7 Handle new color stacks for pdfTeX (HO)
)
Package pdfcol Info: New color stack `tcb@breakable' = 1 on input line 23.
\tcb@testbox=\box77
\tcb@totalupperbox=\box78
\tcb@totallowerbox=\box79
) (/home/tanzelin-p/.TinyTeX/texmf-dist/tex/latex/tcolorbox/tcbhooks.code.tex
Library (tcolorbox): 'tcbhooks.code.tex' version '6.9.0'
) (/home/tanzelin-p/.TinyTeX/texmf-dist/tex/latex/tcolorbox/tcbtheorems.code.tex
Library (tcolorbox): 'tcbtheorems.code.tex' version '6.9.0'
(/home/tanzelin-p/.TinyTeX/texmf-dist/tex/latex/amsmath/amsmath.sty
Package: amsmath 2025/07/09 v2.17z AMS math features
\@mathmargin=\skip56

For additional information on amsmath, use the `?' option.
(/home/tanzelin-p/.TinyTeX/texmf-dist/tex/latex/amsmath/amstext.sty
Package: amstext 2024/11/17 v2.01 AMS text
 (/home/tanzelin-p/.TinyTeX/texmf-dist/tex/latex/amsmath/amsgen.sty
File: amsgen.sty 1999/11/30 v2.0 generic functions
\@emptytoks=\toks43
\ex@=\dimen292
)) (/home/tanzelin-p/.TinyTeX/texmf-dist/tex/latex/amsmath/amsbsy.sty
Package: amsbsy 1999/11/29 v1.2d Bold Symbols
\pmbraise@=\dimen293
) (/home/tanzelin-p/.TinyTeX/texmf-dist/tex/latex/amsmath/amsopn.sty
Package: amsopn 2022/04/08 v2.04 operator names
)
\inf@bad=\count340
LaTeX Info: Redefining \frac on input line 233.
\uproot@=\count341
\leftroot@=\count342
LaTeX Info: Redefining \overline on input line 398.
LaTeX Info: Redefining \colon on input line 409.
\classnum@=\count343
\DOTSCASE@=\count344
LaTeX Info: Redefining \ldots on input line 495.
LaTeX Info: Redefining \dots on input line 498.
LaTeX Info: Redefining \cdots on input line 619.
\Mathstrutbox@=\box80
\strutbox@=\box81
LaTeX Info: Redefining \big on input line 721.
LaTeX Info: Redefining \Big on input line 722.
LaTeX Info: Redefining \bigg on input line 723.
LaTeX Info: Redefining \Bigg on input line 724.
\big@size=\dimen294
LaTeX Font Info:    Redeclaring font encoding OML on input line 742.
LaTeX Font Info:    Redeclaring font encoding OMS on input line 743.
\macc@depth=\count345
LaTeX Info: Redefining \bmod on input line 904.
LaTeX Info: Redefining \pmod on input line 909.
LaTeX Info: Redefining \smash on input line 939.
LaTeX Info: Redefining \relbar on input line 969.
LaTeX Info: Redefining \Relbar on input line 970.
\c@MaxMatrixCols=\count346
\dotsspace@=\muskip18
\c@parentequation=\count347
\dspbrk@lvl=\count348
\tag@help=\toks44
\row@=\count349
\column@=\count350
\maxfields@=\count351
\andhelp@=\toks45
\eqnshift@=\dimen295
\alignsep@=\dimen296
\tagshift@=\dimen297
\tagwidth@=\dimen298
\totwidth@=\dimen299
\lineht@=\dimen300
\@envbody=\toks46
\multlinegap=\skip57
\multlinetaggap=\skip58
\mathdisplay@stack=\toks47
LaTeX Info: Redefining \[ on input line 2950.
LaTeX Info: Redefining \] on input line 2951.
)) (/home/tanzelin-p/.TinyTeX/texmf-dist/tex/latex/tcolorbox/tcbfitting.code.tex
Library (tcolorbox): 'tcbfitting.code.tex' version '6.9.0'
\tcbfitdim=\dimen301
\tcb@lowerfitdim=\dimen302
\tcb@upperfitdim=\dimen303
\tcb@cur@hbadness=\count352
) (/home/tanzelin-p/.TinyTeX/texmf-dist/tex/latex/tcolorbox/tcblistingsutf8.code.tex
Library (tcolorbox): 'tcblistingsutf8.code.tex' version '6.9.0'
(/home/tanzelin-p/.TinyTeX/texmf-dist/tex/latex/tcolorbox/tcblistings.code.tex
Library (tcolorbox): 'tcblistings.code.tex' version '6.9.0'
(/home/tanzelin-p/.TinyTeX/texmf-dist/tex/latex/listings/listings.sty
\lst@mode=\count353
\lst@gtempboxa=\box82
\lst@token=\toks48
\lst@length=\count354
\lst@currlwidth=\dimen304
\lst@column=\count355
\lst@pos=\count356
\lst@lostspace=\dimen305
\lst@width=\dimen306
\lst@newlines=\count357
\lst@lineno=\count358
\lst@maxwidth=\dimen307
 (/home/tanzelin-p/.TinyTeX/texmf-dist/tex/latex/listings/lstpatch.sty
File: lstpatch.sty 2025/11/14 1.11b (Carsten Heinz)
) (/home/tanzelin-p/.TinyTeX/texmf-dist/tex/latex/listings/lstmisc.sty
File: lstmisc.sty 2025/11/14 1.11b (Carsten Heinz)
\c@lstnumber=\count359
\lst@skipnumbers=\count360
\lst@framebox=\box83
) (/home/tanzelin-p/.TinyTeX/texmf-dist/tex/latex/listings/listings.cfg
File: listings.cfg 2025/11/14 1.11b listings configuration
))
Package: listings 2025/11/14 1.11b (Carsten Heinz)

==> First Aid for listings.sty no longer applied!
    Expected:
        2024/09/23 1.10c (Carsten Heinz)
    but found:
        2025/11/14 1.11b (Carsten Heinz)
    so I'm assuming it got fixed.
(/home/tanzelin-p/.TinyTeX/texmf-dist/tex/latex/tcolorbox/tcblistingscore.code.tex
Library (tcolorbox): 'tcblistingscore.code.tex' version '6.9.0'
(/home/tanzelin-p/.TinyTeX/texmf-dist/tex/latex/tcolorbox/tcbprocessing.code.tex
Library (tcolorbox): 'tcbprocessing.code.tex' version '6.9.0'
)
\c@tcblisting=\count361
)) (/home/tanzelin-p/.TinyTeX/texmf-dist/tex/latex/listingsutf8/listingsutf8.sty
Package: listingsutf8 2019-12-10 v1.5 Allow UTF-8 in listings input (HO)
)) (/home/tanzelin-p/.TinyTeX/texmf-dist/tex/latex/tcolorbox/tcbexternal.code.tex
Library (tcolorbox): 'tcbexternal.code.tex' version '6.9.0'
) (/home/tanzelin-p/.TinyTeX/texmf-dist/tex/latex/tcolorbox/tcbmagazine.code.tex
Library (tcolorbox): 'tcbmagazine.code.tex' version '6.9.0'
) (/home/tanzelin-p/.TinyTeX/texmf-dist/tex/latex/tcolorbox/tcbvignette.code.tex
Library (tcolorbox): 'tcbvignette.code.tex' version '6.9.0'
(/home/tanzelin-p/.TinyTeX/texmf-dist/tex/generic/pgf/frontendlayer/tikz/libraries/tikzlibraryfadings.code.tex
File: tikzlibraryfadings.code.tex 2025-08-29 v3.1.11a (3.1.11a)
 (/home/tanzelin-p/.TinyTeX/texmf-dist/tex/generic/pgf/libraries/pgflibraryfadings.code.tex
File: pgflibraryfadings.code.tex 2025-08-29 v3.1.11a (3.1.11a)
))) (/home/tanzelin-p/.TinyTeX/texmf-dist/tex/latex/tcolorbox/tcbposter.code.tex
Library (tcolorbox): 'tcbposter.code.tex' version '6.9.0'
)) (/home/tanzelin-p/.TinyTeX/texmf-dist/tex/latex/multirow/multirow.sty
Package: multirow 2024/11/12 v2.9 Span multiple rows of a table
\multirow@colwidth=\skip59
\multirow@cntb=\count362
\multirow@dima=\skip60
\bigstrutjot=\dimen308
) (/home/tanzelin-p/.TinyTeX/texmf-dist/tex/latex/wrapfig/wrapfig.sty
\wrapoverhang=\dimen309
\WF@size=\dimen310
\c@WF@wrappedlines=\count363
\WF@box=\box84
\WF@everypar=\toks49
Package: wrapfig 2003/01/31  v 3.6
) (/home/tanzelin-p/.TinyTeX/texmf-dist/tex/latex/tools/array.sty
Package: array 2025/09/25 v2.6n Tabular extension package (FMi)
\col@sep=\dimen311
\ar@mcellbox=\box85
\extrarowheight=\dimen312
\NC@list=\toks50
\extratabsurround=\skip61
\backup@length=\skip62
\ar@cellbox=\box86
) (/home/tanzelin-p/.TinyTeX/texmf-dist/tex/latex/placeins/placeins.sty
Package: placeins 2005/04/18  v 2.2
) (/home/tanzelin-p/.TinyTeX/texmf-dist/tex/latex/cleveref/cleveref.sty
Package: cleveref 2018/03/27 v0.21.4 Intelligent cross-referencing
Package cleveref Info: `hyperref' support loaded on input line 2370.
LaTeX Info: Redefining \cref on input line 2370.
LaTeX Info: Redefining \Cref on input line 2370.
LaTeX Info: Redefining \crefrange on input line 2370.
LaTeX Info: Redefining \Crefrange on input line 2370.
LaTeX Info: Redefining \cpageref on input line 2370.
LaTeX Info: Redefining \Cpageref on input line 2370.
LaTeX Info: Redefining \cpagerefrange on input line 2370.
LaTeX Info: Redefining \Cpagerefrange on input line 2370.
LaTeX Info: Redefining \labelcref on input line 2370.
LaTeX Info: Redefining \labelcpageref on input line 2370.
Package cleveref Info: `listings' support loaded on input line 3131.
)
==> First Aid for cleveref.sty applied!
(/home/tanzelin-p/.TinyTeX/texmf-dist/tex/latex/psnfss/pifont.sty
Package: pifont 2020/03/25 PSNFSS-v9.3 Pi font support (SPQR) 
LaTeX Font Info:    Trying to load font information for U+pzd on input line 63.
 (/home/tanzelin-p/.TinyTeX/texmf-dist/tex/latex/psnfss/upzd.fd
File: upzd.fd 2001/06/04 font definitions for U/pzd.
)
LaTeX Font Info:    Trying to load font information for U+psy on input line 64.
 (/home/tanzelin-p/.TinyTeX/texmf-dist/tex/latex/psnfss/upsy.fd
File: upsy.fd 2001/06/04 font definitions for U/psy.
)) (/home/tanzelin-p/.TinyTeX/texmf-dist/tex/latex/fontawesome5/fontawesome5.sty (/home/tanzelin-p/.TinyTeX/texmf-dist/tex/latex/l3kernel/expl3.sty
Package: expl3 2026-01-19 L3 programming layer (loader) 
 (/home/tanzelin-p/.TinyTeX/texmf-dist/tex/latex/l3backend/l3backend-pdftex.def
File: l3backend-pdftex.def 2025-10-09 L3 backend support: PDF output (pdfTeX)
\l__color_backend_stack_int=\count364
))
Package: fontawesome5 2022/05/02 v5.15.4 Font Awesome 5
 (/home/tanzelin-p/.TinyTeX/texmf-dist/tex/latex/l3packages/l3keys2e/l3keys2e.sty
Package: l3keys2e 2025-10-09 LaTeX2e option processing using LaTeX3 keys
) (/home/tanzelin-p/.TinyTeX/texmf-dist/tex/latex/l3packages/xparse/xparse.sty
Package: xparse 2025-10-09 L3 Experimental document command parser
) (/home/tanzelin-p/.TinyTeX/texmf-dist/tex/latex/fontawesome5/fontawesome5-generic-helper.sty
Package: fontawesome5-generic-helper 2022/05/02 v5.15.4 non-uTeX helper for fontawesome5
 (/home/tanzelin-p/.TinyTeX/texmf-dist/tex/latex/fontawesome5/fontawesome5-mapping.def))) (/home/tanzelin-p/.TinyTeX/texmf-dist/tex/latex/sttools/stfloats.sty
Package: stfloats 2025/06/18 v3.4 Improve float mechanism and baselineskip settings
\@dblbotnum=\count365
\c@dblbotnumber=\count366
) (./math_commands.tex (/home/tanzelin-p/.TinyTeX/texmf-dist/tex/latex/amsfonts/amsfonts.sty
Package: amsfonts 2013/01/14 v3.01 Basic AMSFonts support
\symAMSa=\mathgroup5
\symAMSb=\mathgroup6
LaTeX Font Info:    Redeclaring math symbol \hbar on input line 98.
LaTeX Font Info:    Overwriting math alphabet `\mathfrak' in version `bold'
(Font)                  U/euf/m/n --> U/euf/b/n on input line 106.
) (/home/tanzelin-p/.TinyTeX/texmf-dist/tex/latex/tools/bm.sty
Package: bm 2025/10/21 v1.2g Bold Symbol Support (DPC/FMi)
\symboldoperators=\mathgroup7
\symboldletters=\mathgroup8
\symboldsymbols=\mathgroup9
Package bm Info: No bold for \OMX/cmex/m/n, using \pmb.
\symboldlasy=\mathgroup10
Package bm Info: No bold for \U/msa/m/n, using \pmb.
Package bm Info: No bold for \U/msb/m/n, using \pmb.
LaTeX Font Info:    Redeclaring math alphabet \mathbf on input line 149.
)
LaTeX Font Info:    Overwriting math alphabet `\mathsfit' in version `bold'
(Font)                  T1/phv/m/sl --> T1/phv/bx/n on input line 314.
) (./acl_latex.aux)
\openout1 = `acl_latex.aux'.

LaTeX Font Info:    Checking defaults for OML/cmm/m/it on input line 158.
LaTeX Font Info:    ... okay on input line 158.
LaTeX Font Info:    Checking defaults for OMS/cmsy/m/n on input line 158.
LaTeX Font Info:    ... okay on input line 158.
LaTeX Font Info:    Checking defaults for OT1/cmr/m/n on input line 158.
LaTeX Font Info:    ... okay on input line 158.
LaTeX Font Info:    Checking defaults for T1/cmr/m/n on input line 158.
LaTeX Font Info:    ... okay on input line 158.
LaTeX Font Info:    Checking defaults for TS1/cmr/m/n on input line 158.
LaTeX Font Info:    ... okay on input line 158.
LaTeX Font Info:    Checking defaults for OMX/cmex/m/n on input line 158.
LaTeX Font Info:    ... okay on input line 158.
LaTeX Font Info:    Checking defaults for U/cmr/m/n on input line 158.
LaTeX Font Info:    ... okay on input line 158.
LaTeX Font Info:    Checking defaults for PD1/pdf/m/n on input line 158.
LaTeX Font Info:    ... okay on input line 158.
LaTeX Font Info:    Checking defaults for PU/pdf/m/n on input line 158.
LaTeX Font Info:    ... okay on input line 158.
 (/home/tanzelin-p/.TinyTeX/texmf-dist/tex/latex/epstopdf-pkg/epstopdf-base.sty
Package: epstopdf-base 2020-01-24 v2.11 Base part for package epstopdf
Package epstopdf-base Info: Redefining graphics rule for `.eps' on input line 485.
 (/home/tanzelin-p/.TinyTeX/texmf-dist/tex/latex/latexconfig/epstopdf-sys.cfg
File: epstopdf-sys.cfg 2010/07/13 v1.3 Configuration of (r)epstopdf for TeX Live
))
*geometry* driver: auto-detecting
*geometry* detected driver: pdftex
*geometry* verbose mode - [ preamble ] result:
* driver: pdftex
* paper: a4paper
* layout: <same size as paper>
* layoutoffset:(h,v)=(0.0pt,0.0pt)
* modes: heightrounded 
* h-part:(L,W,R)=(71.13188pt, 455.24411pt, 71.13188pt)
* v-part:(T,H,B)=(71.13188pt, 702.78308pt, 71.13188pt)
* \paperwidth=597.50787pt
* \paperheight=845.04684pt
* \textwidth=455.24411pt
* \textheight=704.60031pt
* \oddsidemargin=-1.1381pt
* \evensidemargin=-1.1381pt
* \topmargin=-38.1381pt
* \headheight=12.0pt
* \headsep=25.0pt
* \topskip=11.0pt
* \footskip=30.0pt
* \marginparwidth=59.0pt
* \marginparsep=10.0pt
* \columnsep=17.07182pt
* \skip\footins=9.0pt plus 4.0pt minus 2.0pt
* \hoffset=0.0pt
* \voffset=0.0pt
* \mag=1000
* \@twocolumntrue
* \@twosidefalse
* \@mparswitchfalse
* \@reversemarginfalse
* (1in=72.27pt=25.4mm, 1cm=28.453pt)

Package caption Info: Begin \AtBeginDocument code.
Package caption Info: float package is loaded.
Package caption Info: hyperref package is loaded.
Package caption Info: listings package is loaded.
Package caption Info: wrapfig package is loaded.
Package caption Info: End \AtBeginDocument code.
Package hyperref Info: Link coloring ON on input line 158.
(./acl_latex.out) (./acl_latex.out)
\@outlinefile=\write4
\openout4 = `acl_latex.out'.

LaTeX Info: Redefining \microtypecontext on input line 158.
Package microtype Info: Applying patch `item' on input line 158.
Package microtype Info: Applying patch `toc' on input line 158.
Package microtype Info: Applying patch `eqnum' on input line 158.
Package microtype Info: Applying patch `footnote' on input line 158.
Package microtype Info: Applying patch `verbatim' on input line 158.
LaTeX Info: Redefining \microtypesetup on input line 158.
Package microtype Info: Generating PDF output.
Package microtype Info: Character protrusion enabled (level 2).
Package microtype Info: Using default protrusion set `alltext'.
Package microtype Info: Automatic font expansion enabled (level 2),
(microtype)             stretch: 20, shrink: 20, step: 1, non-selected.
Package microtype Info: Using default expansion set `alltext-nott'.
Package microtype Info: Patching command `\showhyphens'.
Package microtype Info: No adjustment of tracking.
Package microtype Info: No adjustment of interword spacing.
Package microtype Info: No adjustment of character kerning.
 (/home/tanzelin-p/.TinyTeX/texmf-dist/tex/latex/microtype/mt-ptm.cfg
File: mt-ptm.cfg 2006/04/20 v1.7 microtype config. file: Times (RS)
) (/home/tanzelin-p/.TinyTeX/texmf-dist/tex/latex/upquote/upquote.sty
Package: upquote 2012/04/19 v1.3 upright-quote and grave-accent glyphs in verbatim
)
\c@lstlisting=\count367
 (/home/tanzelin-p/.TinyTeX/texmf-dist/tex/latex/microtype/mt-cmr.cfg
File: mt-cmr.cfg 2013/05/19 v2.2 microtype config. file: Computer Modern Roman (RS)
)
LaTeX Font Info:    Trying to load font information for U+lasy on input line 159.
 (/home/tanzelin-p/.TinyTeX/texmf-dist/tex/latex/base/ulasy.fd
File: ulasy.fd 1998/08/17 v2.2e LaTeX symbol font definitions
)
LaTeX Font Info:    Trying to load font information for U+msa on input line 159.
 (/home/tanzelin-p/.TinyTeX/texmf-dist/tex/latex/amsfonts/umsa.fd
File: umsa.fd 2013/01/14 v3.01 AMS symbols A
) (/home/tanzelin-p/.TinyTeX/texmf-dist/tex/latex/microtype/mt-msa.cfg
File: mt-msa.cfg 2006/02/04 v1.1 microtype config. file: AMS symbols (a) (RS)
)
LaTeX Font Info:    Trying to load font information for U+msb on input line 159.
 (/home/tanzelin-p/.TinyTeX/texmf-dist/tex/latex/amsfonts/umsb.fd
File: umsb.fd 2013/01/14 v3.01 AMS symbols B
) (/home/tanzelin-p/.TinyTeX/texmf-dist/tex/latex/microtype/mt-msb.cfg
File: mt-msb.cfg 2005/06/01 v1.0 microtype config. file: AMS symbols (b) (RS)
)
LaTeX Font Info:    Font shape `U/lasy/b/n' in size <8> not available
(Font)              Font shape `U/lasy/m/n' tried instead on input line 159.
LaTeX Font Info:    Font shape `U/lasy/b/n' in size <6> not available
(Font)              Font shape `U/lasy/m/n' tried instead on input line 159.
LaTeX Font Info:    Trying to load font information for TS1+ptm on input line 159.
 (/home/tanzelin-p/.TinyTeX/texmf-dist/tex/latex/psnfss/ts1ptm.fd
File: ts1ptm.fd 2001/06/04 font definitions for TS1/ptm.
)
LaTeX Font Info:    Font shape `U/lasy/b/n' in size <9> not available
(Font)              Font shape `U/lasy/m/n' tried instead on input line 159.
LaTeX Font Info:    Font shape `U/lasy/b/n' in size <5> not available
(Font)              Font shape `U/lasy/m/n' tried instead on input line 159.
LaTeX Font Info:    Trying to load font information for U+fontawesomebrands0 on input line 159.
 (/home/tanzelin-p/.TinyTeX/texmf-dist/tex/latex/fontawesome5/ufontawesomebrands0.fd)
LaTeX Font Info:    Font shape `U/fontawesomebrands0/solid/n' in size <12> not available
(Font)              Font shape `U/fontawesomebrands0/regular/n' tried instead on input line 159.
LaTeX Font Info:    Trying to load font information for T1+zi4 on input line 159.
 (/home/tanzelin-p/.TinyTeX/texmf-dist/tex/latex/inconsolata/t1zi4.fd
File: t1zi4.fd 2018/01/14 T1/zi4 (Inconsolata)
)
LaTeX Font Info:    Font shape `T1/zi4/m/n' will be
(Font)              scaled to size 9.0pt on input line 159.
Package microtype Info: Loading generic protrusion settings for font family
(microtype)             `zi4' (encoding: T1).
(microtype)             For optimal results, create family-specific settings.
(microtype)             See the microtype manual for details.
<sections/hf-logo.png, id=174, 256.96pt x 256.96pt>
File: sections/hf-logo.png Graphic file (type png)
<use sections/hf-logo.png>
Package pdftex.def Info: sections/hf-logo.png  used on input line 159.
(pdftex.def)             Requested size: 14.39749pt x 14.39996pt.
 (./sections/abstract.tex) (./sections/intro.tex
<./figures/outputs/outputs/extrap_base_holdout_N_C_raw_ErrRate.pdf, id=188, 430.3183pt x 282.25136pt>
File: ./figures/outputs/outputs/extrap_base_holdout_N_C_raw_ErrRate.pdf Graphic file (type pdf)
<use ./figures/outputs/outputs/extrap_base_holdout_N_C_raw_ErrRate.pdf>
Package pdftex.def Info: ./figures/outputs/outputs/extrap_base_holdout_N_C_raw_ErrRate.pdf  used on input line 12.
(pdftex.def)             Requested size: 218.51521pt x 143.3261pt.
<./figures/outputs/outputs/extrap_instruct_holdout_N_C_raw_ErrRate.pdf, id=189, 440.70084pt x 282.25136pt>
File: ./figures/outputs/outputs/extrap_instruct_holdout_N_C_raw_ErrRate.pdf Graphic file (type pdf)
<use ./figures/outputs/outputs/extrap_instruct_holdout_N_C_raw_ErrRate.pdf>
Package pdftex.def Info: ./figures/outputs/outputs/extrap_instruct_holdout_N_C_raw_ErrRate.pdf  used on input line 19.
(pdftex.def)             Requested size: 223.07211pt x 142.86958pt.
<./figures/outputs/outputs/predict_base25_base_holdout_N_C_raw_ErrRate.pdf, id=190, 430.29477pt x 282.25136pt>
File: ./figures/outputs/outputs/predict_base25_base_holdout_N_C_raw_ErrRate.pdf Graphic file (type pdf)
<use ./figures/outputs/outputs/predict_base25_base_holdout_N_C_raw_ErrRate.pdf>
Package pdftex.def Info: ./figures/outputs/outputs/predict_base25_base_holdout_N_C_raw_ErrRate.pdf  used on input line 32.
(pdftex.def)             Requested size: 218.51521pt x 143.33472pt.
<./figures/outputs/outputs/predict_instruct40_instruct_holdout_N_C_raw_ErrRate.pdf, id=191, 440.6773pt x 282.25136pt>
File: ./figures/outputs/outputs/predict_instruct40_instruct_holdout_N_C_raw_ErrRate.pdf Graphic file (type pdf)
<use ./figures/outputs/outputs/predict_instruct40_instruct_holdout_N_C_raw_ErrRate.pdf>
Package pdftex.def Info: ./figures/outputs/outputs/predict_instruct40_instruct_holdout_N_C_raw_ErrRate.pdf  used on input line 39.
(pdftex.def)             Requested size: 223.07211pt x 142.87389pt.
 [1{/home/tanzelin-p/.TinyTeX/texmf-var/fonts/map/pdftex/updmap/pdftex.map}{/home/tanzelin-p/.TinyTeX/texmf-dist/fonts/enc/dvips/base/8r.enc}{/home/tanzelin-p/.TinyTeX/texmf-dist/fonts/enc/dvips/inconsolata/i4-t1-0.enc}



 <./sections/hf-logo.png>] [2 <./figures/outputs/outputs/extrap_base_holdout_N_C_raw_ErrRate.pdf> <./figures/outputs/outputs/extrap_instruct_holdout_N_C_raw_ErrRate.pdf> <./figures/outputs/outputs/predict_base25_base_holdout_N_C_raw_ErrRate.pdf> <./figures/outputs/outputs/predict_instruct40_instruct_holdout_N_C_raw_ErrRate.pdf>]) (./sections/exp/Models_and_Training_Configuration.tex
LaTeX Font Info:    Font shape `T1/zi4/m/n' will be
(Font)              scaled to size 10.95pt on input line 7.
 [3]) (./sections/scaling_law.tex
Overfull \hbox (1.99931pt too wide) detected at line 13
[][][][][] \OML/cmm/m/it/10.95 L\OT1/cmr/m/n/10.95 (\OML/cmm/m/it/10.95 N; D\OT1/cmr/m/n/10.95 ) [] [](\OML/cmm/m/it/10.95 N; D\OT1/cmr/m/n/10.95 ) = \OML/cmm/m/it/10.95 C[];
 []

[4]
<./figures/outputs/outputs/extrap_base_holdout_N_E_ErrRate.pdf, id=553, 430.89859pt x 281.0387pt>
File: ./figures/outputs/outputs/extrap_base_holdout_N_E_ErrRate.pdf Graphic file (type pdf)
<use ./figures/outputs/outputs/extrap_base_holdout_N_E_ErrRate.pdf>
Package pdftex.def Info: ./figures/outputs/outputs/extrap_base_holdout_N_E_ErrRate.pdf  used on input line 52.
(pdftex.def)             Requested size: 218.51521pt x 142.51733pt.
<./figures/outputs/outputs/extrap_instruct_holdout_N_E_ErrRate.pdf, id=554, 441.28113pt x 281.0387pt>
File: ./figures/outputs/outputs/extrap_instruct_holdout_N_E_ErrRate.pdf Graphic file (type pdf)
<use ./figures/outputs/outputs/extrap_instruct_holdout_N_E_ErrRate.pdf>
Package pdftex.def Info: ./figures/outputs/outputs/extrap_instruct_holdout_N_E_ErrRate.pdf  used on input line 60.
(pdftex.def)             Requested size: 218.51521pt x 139.16818pt.
<./figures/outputs/outputs/predict_base25_base_holdout_N_E_ErrRate.pdf, id=555, 430.87506pt x 281.0387pt>
File: ./figures/outputs/outputs/predict_base25_base_holdout_N_E_ErrRate.pdf Graphic file (type pdf)
<use ./figures/outputs/outputs/predict_base25_base_holdout_N_E_ErrRate.pdf>
Package pdftex.def Info: ./figures/outputs/outputs/predict_base25_base_holdout_N_E_ErrRate.pdf  used on input line 77.
(pdftex.def)             Requested size: 218.51521pt x 142.5302pt.
<./figures/outputs/outputs/predict_instruct40_instruct_holdout_N_E_ErrRate.pdf, id=556, 441.2576pt x 281.0387pt>
File: ./figures/outputs/outputs/predict_instruct40_instruct_holdout_N_E_ErrRate.pdf Graphic file (type pdf)
<use ./figures/outputs/outputs/predict_instruct40_instruct_holdout_N_E_ErrRate.pdf>
Package pdftex.def Info: ./figures/outputs/outputs/predict_instruct40_instruct_holdout_N_E_ErrRate.pdf  used on input line 85.
(pdftex.def)             Requested size: 218.51521pt x 139.17247pt.

Underfull \vbox (badness 10000) has occurred while \output is active []

<./figures/outputs/outputs/coefficient_k_intramodel_C.pdf, id=567, 570.5779pt x 425.57744pt>
File: ./figures/outputs/outputs/coefficient_k_intramodel_C.pdf Graphic file (type pdf)
<use ./figures/outputs/outputs/coefficient_k_intramodel_C.pdf>
Package pdftex.def Info: ./figures/outputs/outputs/coefficient_k_intramodel_C.pdf  used on input line 116.
(pdftex.def)             Requested size: 218.51521pt x 162.98738pt.
<./figures/outputs/outputs/coefficient_k_intramodel_D.pdf, id=568, 570.5779pt x 425.57744pt>
File: ./figures/outputs/outputs/coefficient_k_intramodel_D.pdf Graphic file (type pdf)
<use ./figures/outputs/outputs/coefficient_k_intramodel_D.pdf>
Package pdftex.def Info: ./figures/outputs/outputs/coefficient_k_intramodel_D.pdf  used on input line 124.
(pdftex.def)             Requested size: 223.07211pt x 166.38364pt.
LaTeX Font Info:    Font shape `U/lasy/b/n' in size <7> not available
(Font)              Font shape `U/lasy/m/n' tried instead on input line 130.
 [5 <./figures/outputs/outputs/extrap_base_holdout_N_E_ErrRate.pdf> <./figures/outputs/outputs/extrap_instruct_holdout_N_E_ErrRate.pdf> <./figures/outputs/outputs/predict_base25_base_holdout_N_E_ErrRate.pdf> <./figures/outputs/outputs/predict_instruct40_instruct_holdout_N_E_ErrRate.pdf>]
<./figures/outputs/outputs/llama_paper_llama-instruct_holdout_N_C_raw_ErrRate.pdf, id=803, 425.95636pt x 282.25136pt>
File: ./figures/outputs/outputs/llama_paper_llama-instruct_holdout_N_C_raw_ErrRate.pdf Graphic file (type pdf)
<use ./figures/outputs/outputs/llama_paper_llama-instruct_holdout_N_C_raw_ErrRate.pdf>
Package pdftex.def Info: ./figures/outputs/outputs/llama_paper_llama-instruct_holdout_N_C_raw_ErrRate.pdf  used on input line 181.
(pdftex.def)             Requested size: 218.51521pt x 144.79472pt.
<./figures/outputs/outputs/llama_paper_llama-instruct_holdout_N_E_ErrRate.pdf, id=804, 425.95636pt x 281.0387pt>
File: ./figures/outputs/outputs/llama_paper_llama-instruct_holdout_N_E_ErrRate.pdf Graphic file (type pdf)
<use ./figures/outputs/outputs/llama_paper_llama-instruct_holdout_N_E_ErrRate.pdf>
Package pdftex.def Info: ./figures/outputs/outputs/llama_paper_llama-instruct_holdout_N_E_ErrRate.pdf  used on input line 188.
(pdftex.def)             Requested size: 218.51521pt x 144.17262pt.

Underfull \vbox (badness 10000) has occurred while \output is active []

 [6 <./figures/outputs/outputs/coefficient_k_intramodel_C.pdf> <./figures/outputs/outputs/coefficient_k_intramodel_D.pdf> <./figures/outputs/outputs/llama_paper_llama-instruct_holdout_N_C_raw_ErrRate.pdf> <./figures/outputs/outputs/llama_paper_llama-instruct_holdout_N_E_ErrRate.pdf>]
<./figures/datareuse/fit_exp2-base_holdout_Tau_step_ErrRate.pdf, id=998, 426.50467pt x 282.08325pt>
File: ./figures/datareuse/fit_exp2-base_holdout_Tau_step_ErrRate.pdf Graphic file (type pdf)
<use ./figures/datareuse/fit_exp2-base_holdout_Tau_step_ErrRate.pdf>
Package pdftex.def Info: ./figures/datareuse/fit_exp2-base_holdout_Tau_step_ErrRate.pdf  used on input line 213.
(pdftex.def)             Requested size: 219.08614pt x 144.89786pt.

Underfull \hbox (badness 1616) in paragraph at lines 219--220
[]\T1/ptm/m/n/10.95 (+20) Under this ex-per-i-men-tal setup, our re-sults
 []

<./figures/outputs/outputs/crossdomain_instruct_ErrRate_vs_N.pdf, id=1002, 1148.42233pt x 572.94728pt>
File: ./figures/outputs/outputs/crossdomain_instruct_ErrRate_vs_N.pdf Graphic file (type pdf)
<use ./figures/outputs/outputs/crossdomain_instruct_ErrRate_vs_N.pdf>
Package pdftex.def Info: ./figures/outputs/outputs/crossdomain_instruct_ErrRate_vs_N.pdf  used on input line 227.
(pdftex.def)             Requested size: 455.24411pt x 227.12036pt.
) (./sections/related_work/related_work_compressed.tex [7 <./figures/datareuse/fit_exp2-base_holdout_Tau_step_ErrRate.pdf>]) (./sections/discussion.tex
Underfull \vbox (badness 1122) has occurred while \output is active []

 [8 <./figures/outputs/outputs/crossdomain_instruct_ErrRate_vs_N.pdf>]) (./sections/conclusion.tex) (./sections/limits.tex) (./acl_latex.bbl [9]
LaTeX Font Info:    Font shape `T1/zi4/m/n' will be
(Font)              scaled to size 10.0pt on input line 91.

Underfull \hbox (badness 2680) in paragraph at lines 89--93
[]\T1/ptm/m/n/10 (+20) KnovelEng. 2025.  Knovel en-gi-neer-ing amc-23
 []


Underfull \hbox (badness 2846) in paragraph at lines 89--93
\T1/ptm/m/n/10 (+20) dataset.  [][]$\T1/zi4/m/n/10 https : / / huggingface . co / datasets /
 []


Underfull \hbox (badness 1983) in paragraph at lines 110--113
\T1/ptm/m/n/10 (+20) 2023.  [][]Let's ver-ify step by step[][].  \T1/ptm/m/it/10 (+20) Preprint\T1/ptm/m/n/10 (+20) ,
 []

[10] [11]) (./sections/appendix/Experiment_Setup.tex
Overfull \hbox (12.0pt too wide) in paragraph at lines 61--74
 [][] 
 []

<./figures/datareuse/exp2_tau_rectangles.pdf, id=1336, 570.93298pt x 397.485pt>
File: ./figures/datareuse/exp2_tau_rectangles.pdf Graphic file (type pdf)
<use ./figures/datareuse/exp2_tau_rectangles.pdf>
Package pdftex.def Info: ./figures/datareuse/exp2_tau_rectangles.pdf  used on input line 83.
(pdftex.def)             Requested size: 208.13115pt x 144.90189pt.
[12]
<./figures/datareuse/fit_exp2-instruct_holdout_Tau_step_ErrRate.pdf, id=1358, 426.50467pt x 282.08325pt>
File: ./figures/datareuse/fit_exp2-instruct_holdout_Tau_step_ErrRate.pdf Graphic file (type pdf)
<use ./figures/datareuse/fit_exp2-instruct_holdout_Tau_step_ErrRate.pdf>
Package pdftex.def Info: ./figures/datareuse/fit_exp2-instruct_holdout_Tau_step_ErrRate.pdf  used on input line 92.
(pdftex.def)             Requested size: 219.08614pt x 144.89786pt.

Underfull \vbox (badness 1596) has occurred while \output is active []

 [13 <./figures/datareuse/exp2_tau_rectangles.pdf>]) (./sections/appendix/full_results.tex
<./figures/allmetric/all_base_E_ErrRate.pdf, id=1381, 722.7pt x 722.7pt>
File: ./figures/allmetric/all_base_E_ErrRate.pdf Graphic file (type pdf)
<use ./figures/allmetric/all_base_E_ErrRate.pdf>
Package pdftex.def Info: ./figures/allmetric/all_base_E_ErrRate.pdf  used on input line 5.
(pdftex.def)             Requested size: 318.66948pt x 318.67268pt.
<./figures/allmetric/all_instruct_E_ErrRate.pdf, id=1384, 722.7pt x 722.7pt>
File: ./figures/allmetric/all_instruct_E_ErrRate.pdf Graphic file (type pdf)
<use ./figures/allmetric/all_instruct_E_ErrRate.pdf>
Package pdftex.def Info: ./figures/allmetric/all_instruct_E_ErrRate.pdf  used on input line 29.
(pdftex.def)             Requested size: 318.66948pt x 318.67268pt.
 [14 <./figures/allmetric/all_base_E_ErrRate.pdf> <./figures/datareuse/fit_exp2-instruct_holdout_Tau_step_ErrRate.pdf>]
<./figures/grpo/grpo_base_holdout_rollout_n_C_raw_ErrRate.pdf, id=1546, 426.89952pt x 254.09367pt>
File: ./figures/grpo/grpo_base_holdout_rollout_n_C_raw_ErrRate.pdf Graphic file (type pdf)
<use ./figures/grpo/grpo_base_holdout_rollout_n_C_raw_ErrRate.pdf>
Package pdftex.def Info: ./figures/grpo/grpo_base_holdout_rollout_n_C_raw_ErrRate.pdf  used on input line 44.
(pdftex.def)             Requested size: 218.51521pt x 130.06294pt.
<./figures/grpo/grpo_base_holdout_rollout_n_E_ErrRate.pdf, id=1547, 426.50217pt x 253.14952pt>
File: ./figures/grpo/grpo_base_holdout_rollout_n_E_ErrRate.pdf Graphic file (type pdf)
<use ./figures/grpo/grpo_base_holdout_rollout_n_E_ErrRate.pdf>
Package pdftex.def Info: ./figures/grpo/grpo_base_holdout_rollout_n_E_ErrRate.pdf  used on input line 51.
(pdftex.def)             Requested size: 218.51521pt x 129.6994pt.
<./figures/grpo/grpo_instruct_holdout_rollout_n_C_raw_ErrRate.pdf, id=1548, 426.58557pt x 254.09367pt>
File: ./figures/grpo/grpo_instruct_holdout_rollout_n_C_raw_ErrRate.pdf Graphic file (type pdf)
<use ./figures/grpo/grpo_instruct_holdout_rollout_n_C_raw_ErrRate.pdf>
Package pdftex.def Info: ./figures/grpo/grpo_instruct_holdout_rollout_n_C_raw_ErrRate.pdf  used on input line 61.
(pdftex.def)             Requested size: 218.51521pt x 130.15599pt.
<./figures/grpo/grpo_instruct_holdout_rollout_n_E_ErrRate.pdf, id=1549, 426.50217pt x 253.14952pt>
File: ./figures/grpo/grpo_instruct_holdout_rollout_n_E_ErrRate.pdf Graphic file (type pdf)
<use ./figures/grpo/grpo_instruct_holdout_rollout_n_E_ErrRate.pdf>
Package pdftex.def Info: ./figures/grpo/grpo_instruct_holdout_rollout_n_E_ErrRate.pdf  used on input line 68.
(pdftex.def)             Requested size: 218.51521pt x 129.6994pt.
<./figures/outputs/outputs/direct_lines_base_instruct_holdout_E_N_ErrRate.pdf, id=1552, 425.95636pt x 282.25136pt>
File: ./figures/outputs/outputs/direct_lines_base_instruct_holdout_E_N_ErrRate.pdf Graphic file (type pdf)
<use ./figures/outputs/outputs/direct_lines_base_instruct_holdout_E_N_ErrRate.pdf>
Package pdftex.def Info: ./figures/outputs/outputs/direct_lines_base_instruct_holdout_E_N_ErrRate.pdf  used on input line 92.
(pdftex.def)             Requested size: 197.17618pt x 130.65117pt.

Underfull \vbox (badness 10000) has occurred while \output is active []

 [15 <./figures/allmetric/all_instruct_E_ErrRate.pdf>]
Underfull \vbox (badness 10000) has occurred while \output is active []

 [16 <./figures/grpo/grpo_base_holdout_rollout_n_C_raw_ErrRate.pdf> <./figures/grpo/grpo_base_holdout_rollout_n_E_ErrRate.pdf> <./figures/grpo/grpo_instruct_holdout_rollout_n_C_raw_ErrRate.pdf> <./figures/grpo/grpo_instruct_holdout_rollout_n_E_ErrRate.pdf> <./figures/outputs/outputs/direct_lines_base_instruct_holdout_E_N_ErrRate.pdf>]) (./sections/appendix/Consistency.tex
Overfull \hbox (14.272pt too wide) detected at line 12
[][][][]\OML/cmm/m/it/10.95 C[] \OT1/cmr/m/n/10.95 = \OML/cmm/m/it/10.95 C[] \OT1/cmr/m/n/10.95 + \OML/cmm/m/it/10.95 C[] \OMS/cmsy/m/n/10.95 ^^Y \OT1/cmr/m/n/10.95 2\OML/cmm/m/it/10.95 NT \OT1/cmr/m/n/10.95 + 4\OML/cmm/m/it/10.95 NT \OT1/cmr/m/n/10.95 = 6\OML/cmm/m/it/10.95 NT[]
 []


Overfull \hbox (9.2259pt too wide) detected at line 49
[]
 []


Underfull \hbox (badness 10000) in paragraph at lines 49--53
\T1/ptm/m/n/10.95 (+20) Comparing this with equa-tion [][]13[][], i.e.,
 []


Underfull \hbox (badness 10000) in paragraph at lines 49--53
[] \OML/cmm/m/it/10.95 L\OT1/cmr/m/n/10.95 (\OML/cmm/m/it/10.95 N; D\OT1/cmr/m/n/10.95 ) = \OMS/cmsy/m/n/10.95 ^^@ \OML/cmm/m/it/10.95 k[]\OT1/cmr/m/n/10.95 (\OML/cmm/m/it/10.95 N\OT1/cmr/m/n/10.95 )  [] \OML/cmm/m/it/10.95 D \OT1/cmr/m/n/10.95 + \OML/cmm/m/it/10.95 E[]\OT1/cmr/m/n/10.95 (\OML/cmm/m/it/10.95 N\OT1/cmr/m/n/10.95 )$\T1/ptm/m/n/10.95 (+20) ,
 []

) (./sections/appendix/LossDecompositionModel.tex [17] [18]
<figures/fit_xh/fit_v3_inter_base_holdout_N_E_ErrRate.pdf, id=1930, 426.50467pt x 282.05751pt>
File: figures/fit_xh/fit_v3_inter_base_holdout_N_E_ErrRate.pdf Graphic file (type pdf)
<use figures/fit_xh/fit_v3_inter_base_holdout_N_E_ErrRate.pdf>
Package pdftex.def Info: figures/fit_xh/fit_v3_inter_base_holdout_N_E_ErrRate.pdf  used on input line 65.
(pdftex.def)             Requested size: 218.51521pt x 144.51021pt.
<figures/fit_xh/fit_v3_intra_base_holdout_N_C_raw_ErrRate.pdf, id=1931, 426.50467pt x 283.00166pt>
File: figures/fit_xh/fit_v3_intra_base_holdout_N_C_raw_ErrRate.pdf Graphic file (type pdf)
<use figures/fit_xh/fit_v3_intra_base_holdout_N_C_raw_ErrRate.pdf>
Package pdftex.def Info: figures/fit_xh/fit_v3_intra_base_holdout_N_C_raw_ErrRate.pdf  used on input line 72.
(pdftex.def)             Requested size: 218.51521pt x 144.99394pt.

Underfull \vbox (badness 10000) has occurred while \output is active []


Underfull \hbox (badness 2582) in paragraph at lines 85--86
\T1/ptm/m/n/10.95 (+20) 30% of train-ing steps for each model, the
 []


Underfull \hbox (badness 1502) in paragraph at lines 85--86
\T1/ptm/m/n/10.95 (+20) fit-ted curves closely match the held-out por-
 []

[19 <./figures/fit_xh/fit_v3_inter_base_holdout_N_E_ErrRate.pdf> <./figures/fit_xh/fit_v3_intra_base_holdout_N_C_raw_ErrRate.pdf>]
Underfull \hbox (badness 3098) in paragraph at lines 132--134
[]\T1/ptm/m/n/10.95 (+20) For the loss de-com-po-si-tion model (Equa-
 []

) (./sections/appendix/ResponseLength.tex
<./figures/outputs/outputs/response_base_response_length_N_E_R.pdf, id=2061, 425.26524pt x 281.36806pt>
File: ./figures/outputs/outputs/response_base_response_length_N_E_R.pdf Graphic file (type pdf)
<use ./figures/outputs/outputs/response_base_response_length_N_E_R.pdf>
Package pdftex.def Info: ./figures/outputs/outputs/response_base_response_length_N_E_R.pdf  used on input line 6.
(pdftex.def)             Requested size: 219.08614pt x 144.95554pt.
<./figures/outputs/outputs/response_instruct_response_length_N_E_R.pdf, id=2062, 425.26524pt x 281.36806pt>
File: ./figures/outputs/outputs/response_instruct_response_length_N_E_R.pdf Graphic file (type pdf)
<use ./figures/outputs/outputs/response_instruct_response_length_N_E_R.pdf>
Package pdftex.def Info: ./figures/outputs/outputs/response_instruct_response_length_N_E_R.pdf  used on input line 13.
(pdftex.def)             Requested size: 219.08614pt x 144.95554pt.

Underfull \vbox (badness 10000) has occurred while \output is active []

 [20 <./figures/outputs/outputs/response_base_response_length_N_E_R.pdf>]) (./sections/statement.tex) [21

 <./figures/outputs/outputs/response_instruct_response_length_N_E_R.pdf>] (./acl_latex.aux)
 ***********
LaTeX2e <2025-11-01>
L3 programming layer <2026-01-19>
 ***********
Package rerunfilecheck Info: File `acl_latex.out' has not changed.
(rerunfilecheck)             Checksum: 270894A406F329336302417675A2318E;5876.
 ) 
Here is how much of TeX's memory you used:
 38124 strings out of 469515
 777520 string characters out of 5469774
 1201393 words of memory out of 5000000
 65493 multiletter control sequences out of 15000+600000
 708320 words of font info for 440 fonts, out of 8000000 for 9000
 14 hyphenation exceptions out of 8191
 98i,15n,108p,1411b,678s stack positions out of 10000i,1000n,20000p,200000b,200000s

pdfTeX warning (dest): name{Hfootnote.1} has been referenced but does not exist, replaced by a fixed one

 </home/tanzelin-p/.TinyTeX/texmf-var/fonts/pk/modeless/unknown/unknown/fa5brands0.720pk></home/tanzelin-p/.TinyTeX/texmf-dist/fonts/type1/public/inconsolata/Inconsolata-zi4r.pfb></home/tanzelin-p/.TinyTeX/texmf-dist/fonts/type1/public/amsfonts/cm/cmbx10.pfb></home/tanzelin-p/.TinyTeX/texmf-dist/fonts/type1/public/amsfonts/cm/cmex10.pfb></home/tanzelin-p/.TinyTeX/texmf-dist/fonts/type1/public/amsfonts/cm/cmmi10.pfb></home/tanzelin-p/.TinyTeX/texmf-dist/fonts/type1/public/amsfonts/cm/cmmi6.pfb></home/tanzelin-p/.TinyTeX/texmf-dist/fonts/type1/public/amsfonts/cm/cmmi7.pfb></home/tanzelin-p/.TinyTeX/texmf-dist/fonts/type1/public/amsfonts/cm/cmmi8.pfb></home/tanzelin-p/.TinyTeX/texmf-dist/fonts/type1/public/amsfonts/cm/cmmi9.pfb></home/tanzelin-p/.TinyTeX/texmf-dist/fonts/type1/public/amsfonts/cm/cmr10.pfb></home/tanzelin-p/.TinyTeX/texmf-dist/fonts/type1/public/amsfonts/cm/cmr6.pfb></home/tanzelin-p/.TinyTeX/texmf-dist/fonts/type1/public/amsfonts/cm/cmr7.pfb></home/tanzelin-p/.TinyTeX/texmf-dist/fonts/type1/public/amsfonts/cm/cmr8.pfb></home/tanzelin-p/.TinyTeX/texmf-dist/fonts/type1/public/amsfonts/cm/cmr9.pfb></home/tanzelin-p/.TinyTeX/texmf-dist/fonts/type1/public/amsfonts/cm/cmsy10.pfb></home/tanzelin-p/.TinyTeX/texmf-dist/fonts/type1/public/amsfonts/cm/cmsy6.pfb></home/tanzelin-p/.TinyTeX/texmf-dist/fonts/type1/public/amsfonts/cm/cmsy8.pfb></home/tanzelin-p/.TinyTeX/texmf-dist/fonts/type1/urw/times/utmb8a.pfb></home/tanzelin-p/.TinyTeX/texmf-dist/fonts/type1/urw/times/utmr8a.pfb></home/tanzelin-p/.TinyTeX/texmf-dist/fonts/type1/urw/times/utmri8a.pfb></home/tanzelin-p/.TinyTeX/texmf-dist/fonts/type1/urw/zapfding/uzdr.pfb>
Output written on acl_latex.pdf (21 pages, 1354038 bytes).
PDF statistics:
 2293 PDF objects out of 2487 (max. 8388607)
 891 compressed objects within 9 object streams
 171 named destinations out of 1000 (max. 500000)
 73769 words of extra memory for PDF output out of 74296 (max. 10000000)

